2020-10-12 17:01:34,364 INFO [restartedMain] c.x.codegenerator.admin.Application [StartupInfoLogger.java : 48] Starting Application on localhost with PID 2534 (/Users/louchaoyang/ideaspace/xxl-generator-code/xxl-code-generator-admin/target/classes started by louchaoyang in /Users/louchaoyang/ideaspace/xxl-generator-code)
2020-10-12 17:01:34,367 INFO [restartedMain] c.x.codegenerator.admin.Application [SpringApplication.java : 593] No active profile set, falling back to default profiles: default
2020-10-12 17:01:34,396 INFO [restartedMain] o.s.b.c.e.AnnotationConfigEmbeddedWebApplicationContext [AbstractApplicationContext.java : 583] Refreshing org.springframework.boot.context.embedded.AnnotationConfigEmbeddedWebApplicationContext@1721e9ad: startup date [Mon Oct 12 17:01:34 CST 2020]; root of context hierarchy
2020-10-12 17:01:34,460 INFO [background-preinit] o.h.validator.internal.util.Version [Version.java : 30] HV000001: Hibernate Validator 5.3.6.Final
2020-10-12 17:01:35,161 INFO [restartedMain] o.s.b.c.e.t.TomcatEmbeddedServletContainer [TomcatEmbeddedServletContainer.java : 89] Tomcat initialized with port(s): 8070 (http)
2020-10-12 17:01:35,167 INFO [restartedMain] o.a.catalina.core.StandardService [DirectJDKLog.java : 179] Starting service [Tomcat]
2020-10-12 17:01:35,167 INFO [restartedMain] o.a.catalina.core.StandardEngine [DirectJDKLog.java : 179] Starting Servlet Engine: Apache Tomcat/8.5.23
2020-10-12 17:01:35,208 INFO [localhost-startStop-1] o.a.c.c.C.[Tomcat].[localhost].[/] [DirectJDKLog.java : 179] Initializing Spring embedded WebApplicationContext
2020-10-12 17:01:35,208 INFO [localhost-startStop-1] o.s.web.context.ContextLoader [EmbeddedWebApplicationContext.java : 276] Root WebApplicationContext: initialization completed in 812 ms
2020-10-12 17:01:35,277 INFO [localhost-startStop-1] o.s.b.w.s.ServletRegistrationBean [ServletRegistrationBean.java : 190] Mapping servlet: 'dispatcherServlet' to [/]
2020-10-12 17:01:35,279 INFO [localhost-startStop-1] o.s.b.w.s.FilterRegistrationBean [AbstractFilterRegistrationBean.java : 258] Mapping filter: 'characterEncodingFilter' to: [/*]
2020-10-12 17:01:35,280 INFO [localhost-startStop-1] o.s.b.w.s.FilterRegistrationBean [AbstractFilterRegistrationBean.java : 258] Mapping filter: 'hiddenHttpMethodFilter' to: [/*]
2020-10-12 17:01:35,280 INFO [localhost-startStop-1] o.s.b.w.s.FilterRegistrationBean [AbstractFilterRegistrationBean.java : 258] Mapping filter: 'httpPutFormContentFilter' to: [/*]
2020-10-12 17:01:35,280 INFO [localhost-startStop-1] o.s.b.w.s.FilterRegistrationBean [AbstractFilterRegistrationBean.java : 258] Mapping filter: 'requestContextFilter' to: [/*]
2020-10-12 17:01:35,364 INFO [restartedMain] o.s.w.s.v.f.FreeMarkerConfigurer [FreeMarkerConfigurer.java : 127] ClassTemplateLoader for Spring macros added to FreeMarker configuration
2020-10-12 17:01:35,620 INFO [restartedMain] o.s.w.s.m.m.a.RequestMappingHandlerAdapter [RequestMappingHandlerAdapter.java : 534] Looking for @ControllerAdvice: org.springframework.boot.context.embedded.AnnotationConfigEmbeddedWebApplicationContext@1721e9ad: startup date [Mon Oct 12 17:01:34 CST 2020]; root of context hierarchy
2020-10-12 17:01:35,678 INFO [restartedMain] o.s.w.s.m.m.a.RequestMappingHandlerMapping [AbstractHandlerMethodMapping.java : 543] Mapped "{[/codeGenerate]}" onto public com.xxl.codegenerator.admin.model.ReturnT<java.util.Map<java.lang.String, java.lang.String>> com.xxl.codegenerator.admin.controller.IndexController.codeGenerate(java.lang.String)
2020-10-12 17:01:35,679 INFO [restartedMain] o.s.w.s.m.m.a.RequestMappingHandlerMapping [AbstractHandlerMethodMapping.java : 543] Mapped "{[/]}" onto public java.lang.String com.xxl.codegenerator.admin.controller.IndexController.index()
2020-10-12 17:01:35,681 INFO [restartedMain] o.s.w.s.m.m.a.RequestMappingHandlerMapping [AbstractHandlerMethodMapping.java : 543] Mapped "{[/error],produces=[text/html]}" onto public org.springframework.web.servlet.ModelAndView org.springframework.boot.autoconfigure.web.BasicErrorController.errorHtml(javax.servlet.http.HttpServletRequest,javax.servlet.http.HttpServletResponse)
2020-10-12 17:01:35,681 INFO [restartedMain] o.s.w.s.m.m.a.RequestMappingHandlerMapping [AbstractHandlerMethodMapping.java : 543] Mapped "{[/error]}" onto public org.springframework.http.ResponseEntity<java.util.Map<java.lang.String, java.lang.Object>> org.springframework.boot.autoconfigure.web.BasicErrorController.error(javax.servlet.http.HttpServletRequest)
2020-10-12 17:01:35,701 INFO [restartedMain] o.s.w.s.h.SimpleUrlHandlerMapping [AbstractUrlHandlerMapping.java : 362] Mapped URL path [/webjars/**] onto handler of type [class org.springframework.web.servlet.resource.ResourceHttpRequestHandler]
2020-10-12 17:01:35,701 INFO [restartedMain] o.s.w.s.h.SimpleUrlHandlerMapping [AbstractUrlHandlerMapping.java : 362] Mapped URL path [/static/**] onto handler of type [class org.springframework.web.servlet.resource.ResourceHttpRequestHandler]
2020-10-12 17:01:35,721 INFO [restartedMain] o.s.w.s.h.SimpleUrlHandlerMapping [AbstractUrlHandlerMapping.java : 362] Mapped URL path [/**/favicon.ico] onto handler of type [class org.springframework.web.servlet.resource.ResourceHttpRequestHandler]
2020-10-12 17:01:35,798 INFO [restartedMain] o.s.b.d.a.OptionalLiveReloadServer [OptionalLiveReloadServer.java : 58] LiveReload server is running on port 35729
2020-10-12 17:01:35,828 INFO [restartedMain] o.s.j.e.a.AnnotationMBeanExporter [MBeanExporter.java : 431] Registering beans for JMX exposure on startup
2020-10-12 17:01:35,844 INFO [restartedMain] o.a.coyote.http11.Http11NioProtocol [DirectJDKLog.java : 179] Initializing ProtocolHandler ["http-nio-8070"]
2020-10-12 17:01:35,852 INFO [restartedMain] o.a.coyote.http11.Http11NioProtocol [DirectJDKLog.java : 179] Starting ProtocolHandler ["http-nio-8070"]
2020-10-12 17:01:35,872 INFO [restartedMain] o.a.tomcat.util.net.NioSelectorPool [DirectJDKLog.java : 179] Using a shared selector for servlet write/read
2020-10-12 17:01:35,887 INFO [restartedMain] o.s.b.c.e.t.TomcatEmbeddedServletContainer [TomcatEmbeddedServletContainer.java : 201] Tomcat started on port(s): 8070 (http)
2020-10-12 17:01:35,892 INFO [restartedMain] c.x.codegenerator.admin.Application [StartupInfoLogger.java : 57] Started Application in 1.679 seconds (JVM running for 2.273)
